calender/build/outputs/logs/manifest-merger-debug-report.txt
-- Merging decision tree log ---
manifest
ADDED from BickupUser-master/calender/AndroidManifest.xml:1:1-3:12
INJECTED from BickupUser-master/calender/AndroidManifest.xml:1:1-3:12
INJECTED from BickupUser-master/calender/AndroidManifest.xml:1:1-3:12
	package
		ADDED from BickupUser-master/calender/AndroidManifest.xml:1:11-46
		INJECTED from BickupUser-master/calender/AndroidManifest.xml
		INJECTED from BickupUser-master/calender/AndroidManifest.xml